# JRE version: Java(TM) SE Runtime Environment (8.0_111-b14) (build 1.8.0_111-b14)
# Java VM: Java HotSpot(TM) 64-Bit Server VM (25.111-b14 mixed mode windows-amd64 compressed oops)
Heap:
 PSYoungGen      total 18944K, used 983K [0x00000000eb500000, 0x00000000eca00000, 0x0000000100000000)
  eden space 16384K, 6% used [0x00000000eb500000,0x00000000eb5f5cf0,0x00000000ec500000)
  from space 2560K, 0% used [0x00000000ec780000,0x00000000ec780000,0x00000000eca00000)
  to   space 2560K, 0% used [0x00000000ec500000,0x00000000ec500000,0x00000000ec780000)
 ParOldGen       total 31744K, used 2394K [0x00000000c1e00000, 0x00000000c3d00000, 0x00000000eb500000)
  object space 31744K, 7% used [0x00000000c1e00000,0x00000000c20569c8,0x00000000c3d00000)
 Metaspace       used 12581K, capacity 12786K, committed 13056K, reserved 1071104K
  class space    used 1630K, capacity 1703K, committed 1792K, reserved 1048576K
GC Heap History (8 events):
Event: 0.343 GC heap before
{Heap before GC invocations=1 (full 0):
 PSYoungGen      total 18944K, used 2623K [0x00000000eb500000, 0x00000000eca00000, 0x0000000100000000)
  eden space 16384K, 16% used [0x00000000eb500000,0x00000000eb78ff08,0x00000000ec500000)
  from space 2560K, 0% used [0x00000000ec780000,0x00000000ec780000,0x00000000eca00000)
  to   space 2560K, 0% used [0x00000000ec500000,0x00000000ec500000,0x00000000ec780000)
 ParOldGen       total 44032K, used 0K [0x00000000c1e00000, 0x00000000c4900000, 0x00000000eb500000)
  object space 44032K, 0% used [0x00000000c1e00000,0x00000000c1e00000,0x00000000c4900000)
 Metaspace       used 5380K, capacity 5512K, committed 5632K, reserved 1060864K
  class space    used 620K, capacity 689K, committed 768K, reserved 1048576K
Event: 0.345 GC heap after
Heap after GC invocations=1 (full 0):
 PSYoungGen      total 18944K, used 688K [0x00000000eb500000, 0x00000000eca00000, 0x0000000100000000)
  eden space 16384K, 0% used [0x00000000eb500000,0x00000000eb500000,0x00000000ec500000)
  from space 2560K, 26% used [0x00000000ec500000,0x00000000ec5ac010,0x00000000ec780000)
  to   space 2560K, 0% used [0x00000000ec780000,0x00000000ec780000,0x00000000eca00000)
 ParOldGen       total 44032K, used 8K [0x00000000c1e00000, 0x00000000c4900000, 0x00000000eb500000)
  object space 44032K, 0% used [0x00000000c1e00000,0x00000000c1e02000,0x00000000c4900000)
 Metaspace       used 5380K, capacity 5512K, committed 5632K, reserved 1060864K
  class space    used 620K, capacity 689K, committed 768K, reserved 1048576K
}
Event: 0.345 GC heap before
{Heap before GC invocations=2 (full 1):
 PSYoungGen      total 18944K, used 688K [0x00000000eb500000, 0x00000000eca00000, 0x0000000100000000)
  eden space 16384K, 0% used [0x00000000eb500000,0x00000000eb500000,0x00000000ec500000)
  from space 2560K, 26% used [0x00000000ec500000,0x00000000ec5ac010,0x00000000ec780000)
  to   space 2560K, 0% used [0x00000000ec780000,0x00000000ec780000,0x00000000eca00000)
 ParOldGen       total 44032K, used 8K [0x00000000c1e00000, 0x00000000c4900000, 0x00000000eb500000)
  object space 44032K, 0% used [0x00000000c1e00000,0x00000000c1e02000,0x00000000c4900000)
 Metaspace       used 5380K, capacity 5512K, committed 5632K, reserved 1060864K
  class space    used 620K, capacity 689K, committed 768K, reserved 1048576K
Event: 0.358 GC heap after
Heap after GC invocations=2 (full 1):
 PSYoungGen      total 18944K, used 0K [0x00000000eb500000, 0x00000000eca00000, 0x0000000100000000)
  eden space 16384K, 0% used [0x00000000eb500000,0x00000000eb500000,0x00000000ec500000)
  from space 2560K, 0% used [0x00000000ec500000,0x00000000ec500000,0x00000000ec780000)
  to   space 2560K, 0% used [0x00000000ec780000,0x00000000ec780000,0x00000000eca00000)
 ParOldGen       total 31744K, used 610K [0x00000000c1e00000, 0x00000000c3d00000, 0x00000000eb500000)
  object space 31744K, 1% used [0x00000000c1e00000,0x00000000c1e98958,0x00000000c3d00000)
 Metaspace       used 5380K, capacity 5512K, committed 5632K, reserved 1058816K
  class space    used 620K, capacity 689K, committed 768K, reserved 1048576K
}
Event: 1.405 GC heap before
{Heap before GC invocations=3 (full 1):
 PSYoungGen      total 18944K, used 5572K [0x00000000eb500000, 0x00000000eca00000, 0x0000000100000000)
  eden space 16384K, 34% used [0x00000000eb500000,0x00000000eba71230,0x00000000ec500000)
  from space 2560K, 0% used [0x00000000ec500000,0x00000000ec500000,0x00000000ec780000)
  to   space 2560K, 0% used [0x00000000ec780000,0x00000000ec780000,0x00000000eca00000)
 ParOldGen       total 31744K, used 610K [0x00000000c1e00000, 0x00000000c3d00000, 0x00000000eb500000)
  object space 31744K, 1% used [0x00000000c1e00000,0x00000000c1e98958,0x00000000c3d00000)
 Metaspace       used 12424K, capacity 12594K, committed 12800K, reserved 1071104K
  class space    used 1615K, capacity 1703K, committed 1792K, reserved 1048576K
Event: 1.415 GC heap after
Heap after GC invocations=3 (full 1):
 PSYoungGen      total 18944K, used 1856K [0x00000000eb500000, 0x00000000eca00000, 0x0000000100000000)
  eden space 16384K, 0% used [0x00000000eb500000,0x00000000eb500000,0x00000000ec500000)
  from space 2560K, 72% used [0x00000000ec780000,0x00000000ec950000,0x00000000eca00000)
  to   space 2560K, 0% used [0x00000000ec500000,0x00000000ec500000,0x00000000ec780000)
 ParOldGen       total 31744K, used 618K [0x00000000c1e00000, 0x00000000c3d00000, 0x00000000eb500000)
  object space 31744K, 1% used [0x00000000c1e00000,0x00000000c1e9a958,0x00000000c3d00000)
 Metaspace       used 12424K, capacity 12594K, committed 12800K, reserved 1071104K
  class space    used 1615K, capacity 1703K, committed 1792K, reserved 1048576K
}
Event: 1.415 GC heap before
{Heap before GC invocations=4 (full 2):
 PSYoungGen      total 18944K, used 1856K [0x00000000eb500000, 0x00000000eca00000, 0x0000000100000000)
  eden space 16384K, 0% used [0x00000000eb500000,0x00000000eb500000,0x00000000ec500000)
  from space 2560K, 72% used [0x00000000ec780000,0x00000000ec950000,0x00000000eca00000)
  to   space 2560K, 0% used [0x00000000ec500000,0x00000000ec500000,0x00000000ec780000)
 ParOldGen       total 31744K, used 618K [0x00000000c1e00000, 0x00000000c3d00000, 0x00000000eb500000)
  object space 31744K, 1% used [0x00000000c1e00000,0x00000000c1e9a958,0x00000000c3d00000)
 Metaspace       used 12424K, capacity 12594K, committed 12800K, reserved 1071104K
  class space    used 1615K, capacity 1703K, committed 1792K, reserved 1048576K
Event: 1.444 GC heap after
Heap after GC invocations=4 (full 2):
 PSYoungGen      total 18944K, used 0K [0x00000000eb500000, 0x00000000eca00000, 0x0000000100000000)
  eden space 16384K, 0% used [0x00000000eb500000,0x00000000eb500000,0x00000000ec500000)
  from space 2560K, 0% used [0x00000000ec780000,0x00000000ec780000,0x00000000eca00000)
  to   space 2560K, 0% used [0x00000000ec500000,0x00000000ec500000,0x00000000ec780000)
 ParOldGen       total 31744K, used 2394K [0x00000000c1e00000, 0x00000000c3d00000, 0x00000000eb500000)
  object space 31744K, 7% used [0x00000000c1e00000,0x00000000c20569c8,0x00000000c3d00000)
 Metaspace       used 12424K, capacity 12594K, committed 12800K, reserved 1069056K
  class space    used 1615K, capacity 1703K, committed 1792K, reserved 1048576K
}

